<?xml version="1.0" encoding="UTF-8"?>
<!-- Generated by org.testng.reporters.JUnitReportReporter -->
<testsuite hostname="Sathya-PC" failures="0" tests="1" name="org.runner.Runner" time="28.909" errors="0" timestamp="2020-10-16T11:21:55 BST" skipped="0">
  <testcase classname="org.runner.Runner" name="feature" time="28.909"/>
  <system-out/>
</testsuite> <!-- org.runner.Runner -->
